C51 COMPILER V9.54   SERIAL                                                                05/16/2016 16:51:21 PAGE 1   


C51 COMPILER V9.54, COMPILATION OF MODULE SERIAL
OBJECT MODULE PLACED IN ..\OutHex\Serial.obj
COMPILER INVOKED BY: C:\Keil_v5\C51\BIN\C51.EXE ..\PublicSources\Serial.c OPTIMIZE(8,SPEED) BROWSE DEBUG OBJECTEXTEND PR
                    -INT(.\Listings\Serial.lst) TABS(2) OBJECT(..\OutHex\Serial.obj)

line level    source

   1          #include "./Headers/PreMacro.h"
   2          #include "./Headers/Serial.h"
   3          #include <reg52.h>
   4          
   5          u8  call_data[SERIAL_CHACHE_SIZE]   = { NULL };
   6          u8  call_cmd[SERIAL_CHACHE_SIZE] = { NULL };
   7          
   8          extern u8 COM_ADDR;
   9          extern u8 NEXT_ADDR;
  10          
  11          //中断发生标志[命令以及数据传输完成才置位[true]
  12          bool  occur_inrpt   = false;
  13          
  14          /**
  15           * [serial_send_byte 发送一字节]
  16           * @param dat [待发送的字节]
  17           */
  18          void serial_send_byte( u8 dat )
  19          {
  20   1          SBUF = dat;
  21   1          while ( !TI )
  22   1              ;
  23   1          TI = 0;
  24   1      }
  25          
  26          
  27          /**
  28           * [serial_init 串口初始化]
  29           */
  30          void serial_init( void )
  31          {
  32   1          TMOD  = 0x20;       /* 定器1，选择工作方式2 */
  33   1          TH1 = 0xFD;           /* 波特率 9600，晶振11.0592 */
  34   1          TL1 = 0xFD;           /* 波特率=(2^SMOD /32 ) X (fosc/12(256-TH1) ) */
  35   1          TR1 = 1;
  36   1      
  37   1          SM0 = 1;
  38   1          SM1 = 1;              /* 串行工作方式 方式三 11位 第九位作为数据/命令判断位 */
  39   1          REN = 1;              /* 允许/禁止串行接收控制位 */
  40   1          ES  = 1;
  41   1          EA  = 1;
  42   1      }
  43          
  44          /**
  45           * [serial_send_string 发送字符串]
  46           * @param ptr [字符串首地址]
  47           * @param num [字符串长度]
  48           */
  49          void serial_send_string( u8 *ptr, u8 num )
  50          {
  51   1          u8 i = 0;
  52   1          TB8 = 0;
  53   1          serial_send_byte(SERIAL_START);
  54   1          for ( i = 0; i < num; ++i )
C51 COMPILER V9.54   SERIAL                                                                05/16/2016 16:51:21 PAGE 2   

  55   1          {
  56   2              serial_send_byte( *ptr++ );
  57   2          }
  58   1          serial_send_byte(SERIAL_END);
  59   1      
  60   1      }
  61          
  62          
  63          /**
  64           * [serial_send 串口发送命令以及数据]
  65           * @param addr [接收端的地址]
  66           * @param cmd  [待发送的命令]
  67           * @param dat  [待发送的数据]
  68           */
  69          void serial_send(u8 addr, u8 cmd, u8 dat)
  70          {
  71   1          TB8 = 1;
  72   1          serial_send_byte(SERIAL_START);
  73   1          serial_send_byte( addr );
  74   1          serial_send_byte( cmd );
  75   1          serial_send_byte(SERIAL_END);
  76   1      
  77   1          TB8 = 0;
  78   1          serial_send_byte(SERIAL_START);
  79   1          serial_send_byte(dat);
  80   1          serial_send_byte(SERIAL_END);
  81   1      }
  82          
  83          /**
  84           * [serial_inrpt 串口中断函数]
  85           */
  86          void serial_inrpt( void ) interrupt 4 using 1
  87          {
  88   1          static u8 di    = 0;
  89   1          static u8 ci  = 0;
  90   1          u8    j   = 0;
  91   1          ES    = 0;
  92   1          RI    = 0;
  93   1          /* 传递数据 */
  94   1          if ( RB8 == 0 )
  95   1          {
  96   2              if ( di >= SERIAL_CHACHE_SIZE )
  97   2              {
  98   3                  di = 0;
  99   3                  return;
 100   3              }
 101   2              call_data[di++] = SBUF;
 102   2      
 103   2              if( SERIAL_END == SBUF)
 104   2              {
 105   3                  di = 0;
 106   3      
 107   3                  occur_inrpt = true;
 108   3              }      
 109   2          }
 110   1          else   /*传递命令*/
 111   1          {
 112   2              if ( ci >= SERIAL_CHACHE_SIZE )
 113   2              {
 114   3                  ci = 0;
 115   3                  return ;
 116   3              }
C51 COMPILER V9.54   SERIAL                                                                05/16/2016 16:51:21 PAGE 3   

 117   2              call_cmd[ci++] = SBUF;
 118   2              if(SERIAL_END == SBUF)
 119   2              {
 120   3                  ci = 0;
 121   3              }
 122   2          }
 123   1          ES = 1;
 124   1      }
 125          
 126          /**
 127           * [cmd_is_valid 检测命令是否可用，若不可用则转发给NEXT_ADDR]
 128           * @return  [是否可用]
 129           */
 130          bool cmd_is_valid(void)
 131          {
 132   1          if(occur_inrpt == true)
 133   1          {
 134   2            P0 = 0;
 135   2              occur_inrpt  = false;
 136   2              if(call_cmd[0] != SERIAL_START || call_data[0] != SERIAL_START)
 137   2                  return false;
 138   2      
 139   2              if(call_cmd[1] == COM_ADDR)
 140   2              {
 141   3                
 142   3                  return true;
 143   3              }
 144   2              else
 145   2              {
 146   3                            serial_send(NEXT_ADDR, call_cmd[2], call_data[1]);
 147   3                  return false;
 148   3              }
 149   2          }
 150   1          return false;
 151   1      }
 152          
 153          
 154          


MODULE INFORMATION:   STATIC OVERLAYABLE
   CODE SIZE        =    249    ----
   CONSTANT SIZE    =   ----    ----
   XDATA SIZE       =   ----    ----
   PDATA SIZE       =   ----    ----
   DATA SIZE        =     18       4
   IDATA SIZE       =   ----    ----
   BIT SIZE         =      1    ----
END OF MODULE INFORMATION.


C51 COMPILATION COMPLETE.  0 WARNING(S),  0 ERROR(S)
