C51 COMPILER V9.54   DELAY                                                                 05/16/2016 16:53:52 PAGE 1   


C51 COMPILER V9.54, COMPILATION OF MODULE DELAY
OBJECT MODULE PLACED IN ..\OutHex\Delay.obj
COMPILER INVOKED BY: C:\Keil_v5\C51\BIN\C51.EXE ..\PublicSources\Delay.c OPTIMIZE(8,SPEED) BROWSE DEBUG OBJECTEXTEND PRI
                    -NT(.\Listings\Delay.lst) TABS(2) OBJECT(..\OutHex\Delay.obj)

line level    source

   1          #include "./Headers/PreMacro.h"
   2          
   3          /**
   4           * [delay_ms 毫秒延时]
   5           * @param t [毫秒数]
   6           */
   7          void delay_ms(u8 t)
   8          {
   9   1          u8 i = 110;
  10   1          while(t--)
  11   1          {
  12   2              while(i--);
  13   2          }
  14   1      }
  15          
  16          /**
  17           * [delay_us 微秒延时]
  18           * @param t [微秒数]
  19           */
  20          void delay_us(u16 t)
  21          {
  22   1          while(t--);
  23   1      }
  24          
  25          /**
  26           * [itostr int转成string (u8的数组)]
  27           * @param source [待转换的数据]
  28           * @param dest   [转换后的数据]
  29           */
  30          void itostr(u16 source, u8 *dest)
  31          {
  32   1          u16 tmp = source;
  33   1          u8 bits = 0, i;
  34   1          for(i = 0; i < 5; i++)
  35   1          {
  36   2              dest[i] = NULL;
  37   2          }
  38   1          do
  39   1          {
  40   2              ++bits;
  41   2              tmp /= 10;
  42   2          }
  43   1          while(tmp != 0);
  44   1      
  45   1      
  46   1          for (i = bits; i > 0; i--)
  47   1          {
  48   2              dest[i - 1] = (source % 10) + 0x30;
  49   2              source /= 10;
  50   2          }
  51   1      
  52   1      }
  53          
  54          /**
C51 COMPILER V9.54   DELAY                                                                 05/16/2016 16:53:52 PAGE 2   

  55           * [del_array_elm 删除数组中的一元素]
  56           * @param ptr       [数组指针]
  57           * @param del_index [删除的下标]
  58           * @param all_num   [数组的元素个数]
  59           */
  60          void del_array_elm(u8 *ptr, u8 del_index, u8 all_num)
  61          {
  62   1          u8 i = 0, tmp = 0;
  63   1          if(del_index >= all_num)
  64   1              return;
  65   1          for(i = del_index; i < all_num - 1; ++i)
  66   1          {
  67   2              ptr[i] = ptr[i + 1];
  68   2          }
  69   1          ptr[all_num - 1] = NULL;
  70   1      }


MODULE INFORMATION:   STATIC OVERLAYABLE
   CODE SIZE        =    238    ----
   CONSTANT SIZE    =   ----    ----
   XDATA SIZE       =   ----    ----
   PDATA SIZE       =   ----    ----
   DATA SIZE        =   ----      15
   IDATA SIZE       =   ----    ----
   BIT SIZE         =   ----    ----
END OF MODULE INFORMATION.


C51 COMPILATION COMPLETE.  0 WARNING(S),  0 ERROR(S)
