C51 COMPILER V9.54   DOTMATRIX                                                             05/16/2016 16:53:51 PAGE 1   


C51 COMPILER V9.54, COMPILATION OF MODULE DOTMATRIX
OBJECT MODULE PLACED IN ..\OutHex\DotMatrix.obj
COMPILER INVOKED BY: C:\Keil_v5\C51\BIN\C51.EXE Sources\DotMatrix.c OPTIMIZE(8,SPEED) BROWSE DEBUG OBJECTEXTEND PRINT(.\
                    -Listings\DotMatrix.lst) TABS(2) OBJECT(..\OutHex\DotMatrix.obj)

line level    source

   1          #include <reg52.h>
   2          #include "../PublicSources/Headers/PreMacro.h"
   3          #include "./Headers/DotMatrix.h"
   4          #include "./Headers/DotMatrixMod.h"
   5          
   6          #define ON  0
   7          #define OFF 1
   8          
   9          sbit  SH_CP = P2 ^ 0;
  10          sbit  DS  = P2 ^ 1;
  11          sbit  ST_CP = P2 ^ 2;
  12          sbit  ROW_EN  = P2 ^ 3;
  13          
  14          //点阵动态扫描间隔
  15          extern u8 flash_delay;
  16          
  17          /**
  18           * [hc595_out 74HC595输出脉冲]
  19           */
  20          void hc595_out( void )
  21          {
  22   1          ST_CP = 0;
  23   1          ST_CP = 1;
  24   1      }
  25          
  26          /**
  27           * [hc595_in_byte 74H595写入数据]
  28           * @param byte [待写入字节]
  29           */
  30          void hc595_in_byte( u8 byte )
  31          {
  32   1          u8 tmp;
  33   1          for ( tmp = 0; tmp < 8; tmp++ )
  34   1          {
  35   2              if ( byte & 0x80 )
  36   2              {
  37   3                  DS = 1;
  38   3              }
  39   2              else
  40   2              {
  41   3                  DS = 0;
  42   3              }
  43   2              SH_CP = 0;
  44   2              SH_CP = 1;
  45   2              byte <<= 1;
  46   2          }
  47   1      }
  48          
  49          /**
  50           * [dm_write_string 点阵写入字符串]
  51           * @param start_pos [待写入的位置以1-8]
  52           * @param ptr       [待写入的数据首地址]
  53           */
  54          void dm_write_string( u8 start_pos, char *ptr )
C51 COMPILER V9.54   DOTMATRIX                                                             05/16/2016 16:53:51 PAGE 2   

  55          {
  56   1          u8  i   = 0, row = 0, col = 0;
  57   1          u8  char_array[8] = { 0 };
  58   1          if(start_pos > 0  && start_pos < 9)
  59   1          {
  60   2              i = start_pos - 1;
  61   2          }
  62   1          else
  63   1          {
  64   2              return ;
  65   2          }
  66   1      
  67   1          ROW_EN = OFF;
  68   1          while ( *ptr != NULL )
  69   1          {
  70   2              char_array[7 - i] = *ptr - 32;
  71   2              ++i;
  72   2              if ( i >= 8 )
  73   2                  break;
  74   2              ptr++;
  75   2          }
  76   1          for ( row = 0; row < 16; ++row )
  77   1          {
  78   2              P1 = row;
  79   2              for ( col = 0; col < 8; ++col )
  80   2              {
  81   3                  hc595_in_byte( dm_mod[char_array[col]][row]);
  82   3              }
  83   2              ROW_EN = OFF;
  84   2              hc595_out();
  85   2              ROW_EN = ON;
  86   2              delay_us( flash_delay );
  87   2          }
  88   1      }
  89          
  90          
  91          


MODULE INFORMATION:   STATIC OVERLAYABLE
   CODE SIZE        =    213    ----
   CONSTANT SIZE    =   1544    ----
   XDATA SIZE       =   ----    ----
   PDATA SIZE       =   ----    ----
   DATA SIZE        =   ----      15
   IDATA SIZE       =   ----    ----
   BIT SIZE         =   ----    ----
END OF MODULE INFORMATION.


C51 COMPILATION COMPLETE.  0 WARNING(S),  0 ERROR(S)
