C51 COMPILER V9.54   KEYBOARD                                                              05/10/2016 18:21:34 PAGE 1   


C51 COMPILER V9.54, COMPILATION OF MODULE KEYBOARD
OBJECT MODULE PLACED IN ..\OutHex\Keyboard.obj
COMPILER INVOKED BY: C:\Keil_v5\C51\BIN\C51.EXE Sources\Keyboard.c OPTIMIZE(8,SPEED) BROWSE DEBUG OBJECTEXTEND PRINT(.\L
                    -istings\Keyboard.lst) TABS(2) OBJECT(..\OutHex\Keyboard.obj)

line level    source

   1          #include <reg51.h>
   2          #include "../PublicSources/Headers/PreMacro.h"
   3          
   4          
   5          /**
   6           * [key_scan 按键扫描]
   7           * @return  [按键值]
   8           */
   9          u8 key_scan( void )
  10          {
  11   1        static u8 num = 0;
  12   1        static u8 temp  = 0;
  13   1        P1  = 0xfe;                 /* 初始化P1口，检测键盘第一行 */
  14   1        temp  = P1;
  15   1        temp  = temp & 0xf0;          /* 检测高四位。 */
  16   1        while ( temp != 0xf0 )
  17   1        {
  18   2          delay_ms( 5 );          /* 消除抖动。 */
  19   2          temp  = P1;
  20   2          temp  = temp & 0xf0;  /* 检测高四位。 */
  21   2          while ( temp != 0xf0 )
  22   2          {
  23   3            temp = P1;
  24   3            switch ( temp )
  25   3            {
  26   4            case 0xee: num  = 1; break;
  27   4            case 0xde: num  = 2; break;
  28   4            case 0xbe: num  = 3; break;
  29   4            case 0x7e: num  = 4; break;
  30   4            }
  31   3            while ( temp != 0xf0 )          /* 这就是还处于按住不放， */
  32   3            {
  33   4              temp  = P1;           /* 如果松开了按键， */
  34   4              temp  = temp & 0xf0;  /* 与后的值将会和0xf0相等。从而跳出while循环 */
  35   4            }
  36   3          }
  37   2        }
  38   1      
  39   1        P1  = 0xfd;                                 /* 初始化P1口，检测键盘第2行 */
  40   1        temp  = P1;
  41   1        temp  = temp & 0xf0;                          /* 检测高四位。 */
  42   1        while ( temp != 0xf0 )
  43   1        {
  44   2          delay_ms( 5 );
  45   2          temp  = P1;
  46   2          temp  = temp & 0xf0;                  /* 检测高四位。 */
  47   2          while ( temp != 0xf0 )
  48   2          {
  49   3            temp = P1;
  50   3            switch ( temp )
  51   3            {
  52   4            case 0xed: num  = 5; break;
  53   4            case 0xdd: num  = 6; break;
  54   4            case 0xbd: num  = 7; break;
C51 COMPILER V9.54   KEYBOARD                                                              05/10/2016 18:21:34 PAGE 2   

  55   4            case 0x7d: num  = 8; break;
  56   4            }
  57   3            while ( temp != 0xf0 )          /* 这就是还处于按住不放， */
  58   3            {
  59   4              temp  = P1;           /* 如果松开了按键， */
  60   4              temp  = temp & 0xf0;  /* 与后的值将会和0xf0相等。从而跳出while循环 */
  61   4            }
  62   3          }
  63   2        }
  64   1      
  65   1        P1  = 0xfb;                                 /* 初始化P1口，检测键盘第3行 */
  66   1        temp  = P1;
  67   1        temp  = temp & 0xf0;                          /* 检测高四位。 */
  68   1        while ( temp != 0xf0 )
  69   1        {
  70   2          delay_ms( 5 );
  71   2          temp  = P1;
  72   2          temp  = temp & 0xf0;                  /* 检测高四位。 */
  73   2          while ( temp != 0xf0 )
  74   2          {
  75   3            temp = P1;                      /* ```````````` */
  76   3            switch ( temp )
  77   3            {
  78   4            case 0xeb: num  = 9; break;
  79   4            case 0xdb: num  = 10; break;
  80   4            case 0xbb: num  = 11; break;
  81   4            case 0x7b: num  = 12; break;
  82   4            }
  83   3            while ( temp != 0xf0 )          /* 这就是还处于按住不放， */
  84   3            {
  85   4              temp  = P1;           /* 如果松开了按键， */
  86   4              temp  = temp & 0xf0;  /* 与后的值将会和0xf0相等。从而跳出while循环 */
  87   4            }
  88   3          }
  89   2        }
  90   1      
  91   1        P1  = 0xf7;                                 /* 初始化P1口，检测键盘第4行 */
  92   1        temp  = P1;
  93   1        temp  = temp & 0xf0;                          /* 检测高四位。 */
  94   1        while ( temp != 0xf0 )
  95   1        {
  96   2          delay_ms( 5 );
  97   2          temp  = P1;
  98   2          temp  = temp & 0xf0;                  /* 检测高四位。 */
  99   2          while ( temp != 0xf0 )
 100   2          {
 101   3            temp = P1;                      /* ```````````` */
 102   3            switch ( temp )
 103   3            {
 104   4            case 0xe7: num  = 13; break;
 105   4            case 0xd7: num  = 14; break;
 106   4            case 0xb7: num  = 15; break;
 107   4            case 0x77: num  = 16; break;
 108   4            }
 109   3            while ( temp != 0xf0 )          /* 这就是还处于按住不放， */
 110   3            {
 111   4              temp  = P1;           /* 如果松开了按键， */
 112   4              temp  = temp & 0xf0;  /*按位与后的值将会和0xf0相等。从而跳出while循环 */
 113   4            }
 114   3          }
 115   2        }
 116   1        return(num);
C51 COMPILER V9.54   KEYBOARD                                                              05/10/2016 18:21:34 PAGE 3   

 117   1      }
 118          
 119          


MODULE INFORMATION:   STATIC OVERLAYABLE
   CODE SIZE        =    343    ----
   CONSTANT SIZE    =   ----    ----
   XDATA SIZE       =   ----    ----
   PDATA SIZE       =   ----    ----
   DATA SIZE        =      2    ----
   IDATA SIZE       =   ----    ----
   BIT SIZE         =   ----    ----
END OF MODULE INFORMATION.


C51 COMPILATION COMPLETE.  0 WARNING(S),  0 ERROR(S)
