C51 COMPILER V9.54   MAIN                                                                  05/10/2016 18:21:34 PAGE 1   


C51 COMPILER V9.54, COMPILATION OF MODULE MAIN
OBJECT MODULE PLACED IN ..\OutHex\Main.obj
COMPILER INVOKED BY: C:\Keil_v5\C51\BIN\C51.EXE Sources\Main.c OPTIMIZE(8,SPEED) BROWSE DEBUG OBJECTEXTEND PRINT(.\Listi
                    -ngs\Main.lst) TABS(2) OBJECT(..\OutHex\Main.obj)

line level    source

   1          #include <reg51.h>
   2          #include "../PublicSources/Headers/PreMacro.h"
   3          
   4          extern u8 key_scan(void);
   5          u8 num = 0;
   6          void main(void){
   7   1        while(1){
   8   2          P0 = key_scan();
   9   2        }
  10   1      }


MODULE INFORMATION:   STATIC OVERLAYABLE
   CODE SIZE        =      7    ----
   CONSTANT SIZE    =   ----    ----
   XDATA SIZE       =   ----    ----
   PDATA SIZE       =   ----    ----
   DATA SIZE        =      1    ----
   IDATA SIZE       =   ----    ----
   BIT SIZE         =   ----    ----
END OF MODULE INFORMATION.


C51 COMPILATION COMPLETE.  0 WARNING(S),  0 ERROR(S)
