C51 COMPILER V9.54   DELAY                                                                 05/11/2016 23:39:41 PAGE 1   


C51 COMPILER V9.54, COMPILATION OF MODULE DELAY
OBJECT MODULE PLACED IN ..\OutHex\Delay.obj
COMPILER INVOKED BY: C:\Keil_v5\C51\BIN\C51.EXE ..\PublicSources\Delay.c OPTIMIZE(8,SPEED) BROWSE DEBUG OBJECTEXTEND PRI
                    -NT(.\Listings\Delay.lst) TABS(2) OBJECT(..\OutHex\Delay.obj)

line level    source

   1          #include "./Headers/PreMacro.h"
   2          void delay_ms(u8 t){
   3   1        u8 i = 110;
   4   1        while(t--){
   5   2          while(i--);
   6   2        }
   7   1      }
   8          
   9          void delay_us(u16 t){
  10   1        while(t--);
  11   1      }


MODULE INFORMATION:   STATIC OVERLAYABLE
   CODE SIZE        =     28    ----
   CONSTANT SIZE    =   ----    ----
   XDATA SIZE       =   ----    ----
   PDATA SIZE       =   ----    ----
   DATA SIZE        =   ----    ----
   IDATA SIZE       =   ----    ----
   BIT SIZE         =   ----    ----
END OF MODULE INFORMATION.


C51 COMPILATION COMPLETE.  0 WARNING(S),  0 ERROR(S)
