C51 COMPILER V9.54   DOTMATRIX                                                             05/11/2016 23:39:41 PAGE 1   


C51 COMPILER V9.54, COMPILATION OF MODULE DOTMATRIX
OBJECT MODULE PLACED IN ..\OutHex\DotMatrix.obj
COMPILER INVOKED BY: C:\Keil_v5\C51\BIN\C51.EXE Sources\DotMatrix.c OPTIMIZE(8,SPEED) BROWSE DEBUG OBJECTEXTEND PRINT(.\
                    -Listings\DotMatrix.lst) TABS(2) OBJECT(..\OutHex\DotMatrix.obj)

line level    source

   1          #include <reg52.h>
   2          #include "../PublicSources/Headers/PreMacro.h"
   3          #include "./Headers/DotMatrix.h"
   4          #include "./Headers/DotMatrixMod.h"
   5          
   6          #define ON 0
   7          #define OFF 1
   8          
   9          sbit  SH_CP   = P2 ^ 0;
  10          sbit  DS      = P2 ^ 1;
  11          sbit  ST_CP   = P2 ^ 2;
  12          sbit  ROW_EN  = P2 ^ 3;
  13          
  14          
  15          void delay(u16 z)    
  16          {
  17   1       u8 i,j;
  18   1       for(i=z;i>0;i--)
  19   1         for(j=4;j>0;j--);
  20   1      }
  21          
  22          void hc595_out( void )
  23          {
  24   1        ST_CP = 0;
  25   1        delay(1);
  26   1        ST_CP = 1;
  27   1        delay(1);
  28   1      }
  29          
  30          
  31          void hc595_write_byte( u8 byte )
  32          {
  33   1        u8 tmp;
  34   1        for ( tmp = 0; tmp < 8; tmp++ )
  35   1        {
  36   2          if ( byte & 0x80 )
  37   2          {
  38   3            DS = 1;
  39   3          }else{
  40   3            DS = 0;
  41   3          }
  42   2          SH_CP = 0;
  43   2          delay(1);
  44   2          SH_CP = 1;
  45   2          delay(1);
  46   2          byte <<= 1;
  47   2        }
  48   1      }
  49          
  50          
  51          void dm_write_char (char date,u8 site){
  52   1        u8 i = 0,j=0;
  53   1        if(site > 7)
  54   1          return;
C51 COMPILER V9.54   DOTMATRIX                                                             05/11/2016 23:39:41 PAGE 2   

  55   1        P1 &= 0x0f;
  56   1        P1 |= (site<<=5);
  57   1        for(i=0;i<16;i++){
  58   2          P1 &=0xf0;
  59   2          P1 |= i;
  60   2          ROW_EN = OFF;
  61   2          P0 = dm_ascii[date - 32][i];
  62   2          //  delay_us(10);
  63   2          ROW_EN = ON;
  64   2          delay_us(10);
  65   2        }
  66   1      
  67   1      }
  68          
  69          //void dm_write_char(char date,u8 site)
  70          //{
  71          //  u8 i = 0,j=0;
  72          //  if(site>7)
  73          //    return;
  74          
  75          //  for ( i = 0; i < 16; i++ )
  76          //  {
  77          //    P1 = i;
  78          //    for(j=site;j<8;j++){
  79          //        hc595_write_byte( 0x00 );
  80          //    }
  81          //    hc595_write_byte( dm_ascii[date - 32][i] );
  82          //    for(j=0;j<site -1 ;++j){
  83          //        hc595_write_byte( 0x00 );
  84          //    }
  85          //    ROW_EN = OFF;
  86          //    hc595_out();
  87          //    ROW_EN = ON;
  88          //    delay_us(200);
  89          //  }
  90          //}
  91          
  92          
  93          
  94          
  95          
  96          


MODULE INFORMATION:   STATIC OVERLAYABLE
   CODE SIZE        =    173    ----
   CONSTANT SIZE    =   1536    ----
   XDATA SIZE       =   ----    ----
   PDATA SIZE       =   ----    ----
   DATA SIZE        =   ----       3
   IDATA SIZE       =   ----    ----
   BIT SIZE         =   ----    ----
END OF MODULE INFORMATION.


C51 COMPILATION COMPLETE.  0 WARNING(S),  0 ERROR(S)
