C51 COMPILER V9.54   MAIN                                                                  05/11/2016 23:39:41 PAGE 1   


C51 COMPILER V9.54, COMPILATION OF MODULE MAIN
OBJECT MODULE PLACED IN ..\OutHex\Main.obj
COMPILER INVOKED BY: C:\Keil_v5\C51\BIN\C51.EXE Sources\Main.c OPTIMIZE(8,SPEED) BROWSE DEBUG OBJECTEXTEND PRINT(.\Listi
                    -ngs\Main.lst) TABS(2) OBJECT(..\OutHex\Main.obj)

line level    source

   1          #include <reg52.h>
   2          #include <intrins.h>
   3          #include "../PublicSources/Headers/PreMacro.h"
   4          
   5          
   6          extern void hc595_out(void);
   7          extern hc595_write_byte(u8 byte);
   8          extern void dm_write_char(char date,u8 site);
   9          sbit EN_54 =P2^3;
  10          void main(){
  11   1      
  12   1        EN_54 = 0;
  13   1      
  14   1        while(1){ 
  15   2       //dm_write_char('1',1);
  16   2           dm_write_char('2',2);
  17   2           dm_write_char('3',3);
  18   2      
  19   2        }
  20   1      }


MODULE INFORMATION:   STATIC OVERLAYABLE
   CODE SIZE        =     18    ----
   CONSTANT SIZE    =   ----    ----
   XDATA SIZE       =   ----    ----
   PDATA SIZE       =   ----    ----
   DATA SIZE        =   ----    ----
   IDATA SIZE       =   ----    ----
   BIT SIZE         =   ----    ----
END OF MODULE INFORMATION.


C51 COMPILATION COMPLETE.  0 WARNING(S),  0 ERROR(S)
